{"C:\\Users\\Admin\\Downloads\\SQE\\script.js": {"path":"C:\\Users\\Admin\\Downloads\\SQE\\script.js","statementMap":{"0":{"start":{"line":5,"column":14},"end":{"line":5,"column":15}},"1":{"start":{"line":6,"column":4},"end":{"line":8,"column":7}},"2":{"start":{"line":7,"column":8},"end":{"line":7,"column":25}},"3":{"start":{"line":9,"column":4},"end":{"line":9,"column":28}},"4":{"start":{"line":13,"column":4},"end":{"line":13,"column":26}},"5":{"start":{"line":14,"column":4},"end":{"line":14,"column":26}},"6":{"start":{"line":15,"column":4},"end":{"line":15,"column":52}},"7":{"start":{"line":16,"column":4},"end":{"line":21,"column":5}},"8":{"start":{"line":18,"column":8},"end":{"line":18,"column":80}},"9":{"start":{"line":20,"column":8},"end":{"line":20,"column":29}},"10":{"start":{"line":25,"column":11},"end":{"line":36,"column":1}},"11":{"start":{"line":38,"column":16},"end":{"line":45,"column":1}},"12":{"start":{"line":39,"column":4},"end":{"line":44,"column":6}},"13":{"start":{"line":48,"column":15},"end":{"line":48,"column":110}},"14":{"start":{"line":49,"column":4},"end":{"line":49,"column":61}},"15":{"start":{"line":50,"column":4},"end":{"line":50,"column":25}},"16":{"start":{"line":53,"column":14},"end":{"line":55,"column":6}},"17":{"start":{"line":54,"column":8},"end":{"line":54,"column":26}},"18":{"start":{"line":57,"column":16},"end":{"line":57,"column":31}},"19":{"start":{"line":58,"column":4},"end":{"line":62,"column":5}},"20":{"start":{"line":59,"column":8},"end":{"line":59,"column":45}},"21":{"start":{"line":60,"column":8},"end":{"line":60,"column":29}},"22":{"start":{"line":61,"column":8},"end":{"line":61,"column":26}},"23":{"start":{"line":64,"column":0},"end":{"line":71,"column":2}}},"fnMap":{"0":{"name":"calculateTotal","decl":{"start":{"line":4,"column":9},"end":{"line":4,"column":23}},"loc":{"start":{"line":4,"column":30},"end":{"line":10,"column":1}},"line":4},"1":{"name":"(anonymous_1)","decl":{"start":{"line":6,"column":32},"end":{"line":6,"column":33}},"loc":{"start":{"line":6,"column":39},"end":{"line":8,"column":5}},"line":6},"2":{"name":"calculateBudget","decl":{"start":{"line":12,"column":9},"end":{"line":12,"column":24}},"loc":{"start":{"line":12,"column":27},"end":{"line":22,"column":1}},"line":12},"3":{"name":"(anonymous_3)","decl":{"start":{"line":38,"column":16},"end":{"line":38,"column":17}},"loc":{"start":{"line":38,"column":27},"end":{"line":45,"column":1}},"line":38},"4":{"name":"addItem","decl":{"start":{"line":47,"column":9},"end":{"line":47,"column":16}},"loc":{"start":{"line":47,"column":43},"end":{"line":51,"column":1}},"line":47},"5":{"name":"deleteItem","decl":{"start":{"line":52,"column":9},"end":{"line":52,"column":19}},"loc":{"start":{"line":52,"column":30},"end":{"line":63,"column":1}},"line":52},"6":{"name":"(anonymous_6)","decl":{"start":{"line":53,"column":38},"end":{"line":53,"column":39}},"loc":{"start":{"line":53,"column":56},"end":{"line":55,"column":5}},"line":53}},"branchMap":{"0":{"loc":{"start":{"line":16,"column":4},"end":{"line":21,"column":5}},"type":"if","locations":[{"start":{"line":16,"column":4},"end":{"line":21,"column":5}},{"start":{"line":19,"column":11},"end":{"line":21,"column":5}}],"line":16},"1":{"loc":{"start":{"line":48,"column":15},"end":{"line":48,"column":110}},"type":"cond-expr","locations":[{"start":{"line":48,"column":48},"end":{"line":48,"column":106}},{"start":{"line":48,"column":109},"end":{"line":48,"column":110}}],"line":48},"2":{"loc":{"start":{"line":58,"column":4},"end":{"line":62,"column":5}},"type":"if","locations":[{"start":{"line":58,"column":4},"end":{"line":62,"column":5}},{"start":{},"end":{}}],"line":58}},"s":{"0":31,"1":31,"2":29,"3":31,"4":11,"5":11,"6":11,"7":11,"8":10,"9":1,"10":2,"11":2,"12":6,"13":8,"14":8,"15":8,"16":1,"17":1,"18":1,"19":1,"20":1,"21":1,"22":1,"23":2},"f":{"0":31,"1":29,"2":11,"3":6,"4":8,"5":1,"6":1},"b":{"0":[10,1],"1":[2,6],"2":[1,0]},"_coverageSchema":"1a1c01bbd47fc00a2c39e90264f33305004495a9","hash":"53bc424ad81e4bf2a705bbd7c086f0b32c478445"}
,"C:\\Users\\Admin\\Downloads\\SQE\\validateInput.js": {"path":"C:\\Users\\Admin\\Downloads\\SQE\\validateInput.js","statementMap":{"0":{"start":{"line":2,"column":4},"end":{"line":4,"column":5}},"1":{"start":{"line":3,"column":8},"end":{"line":3,"column":92}},"2":{"start":{"line":7,"column":19},"end":{"line":7,"column":42}},"3":{"start":{"line":10,"column":4},"end":{"line":12,"column":5}},"4":{"start":{"line":11,"column":8},"end":{"line":11,"column":66}},"5":{"start":{"line":15,"column":4},"end":{"line":17,"column":5}},"6":{"start":{"line":16,"column":8},"end":{"line":16,"column":73}},"7":{"start":{"line":19,"column":4},"end":{"line":19,"column":44}},"8":{"start":{"line":22,"column":0},"end":{"line":22,"column":31}}},"fnMap":{"0":{"name":"validateInput","decl":{"start":{"line":1,"column":9},"end":{"line":1,"column":22}},"loc":{"start":{"line":1,"column":36},"end":{"line":20,"column":1}},"line":1}},"branchMap":{"0":{"loc":{"start":{"line":2,"column":4},"end":{"line":4,"column":5}},"type":"if","locations":[{"start":{"line":2,"column":4},"end":{"line":4,"column":5}},{"start":{},"end":{}}],"line":2},"1":{"loc":{"start":{"line":10,"column":4},"end":{"line":12,"column":5}},"type":"if","locations":[{"start":{"line":10,"column":4},"end":{"line":12,"column":5}},{"start":{},"end":{}}],"line":10},"2":{"loc":{"start":{"line":10,"column":8},"end":{"line":10,"column":59}},"type":"binary-expr","locations":[{"start":{"line":10,"column":8},"end":{"line":10,"column":21}},{"start":{"line":10,"column":25},"end":{"line":10,"column":59}}],"line":10},"3":{"loc":{"start":{"line":15,"column":4},"end":{"line":17,"column":5}},"type":"if","locations":[{"start":{"line":15,"column":4},"end":{"line":17,"column":5}},{"start":{},"end":{}}],"line":15}},"s":{"0":6,"1":1,"2":5,"3":5,"4":1,"5":4,"6":2,"7":2,"8":1},"f":{"0":6},"b":{"0":[1,5],"1":[1,4],"2":[5,4],"3":[2,2]},"_coverageSchema":"1a1c01bbd47fc00a2c39e90264f33305004495a9","hash":"3463a49be7a3e507905df782ec7d1af2426e612f"}
}
