TN:
SF:script.js
FN:2,validateInput
FN:18,updateWorkbook
FN:44,displayFeedback
FNF:3
FNH:1
FNDA:1,validateInput
FNDA:0,updateWorkbook
FNDA:0,displayFeedback
DA:3,1
DA:4,0
DA:7,1
DA:8,1
DA:9,1
DA:10,0
DA:12,1
DA:14,0
DA:19,0
DA:20,0
DA:21,0
DA:22,0
DA:23,0
DA:25,0
DA:26,0
DA:27,0
DA:28,0
DA:32,0
DA:33,0
DA:36,0
DA:37,0
DA:38,0
DA:39,0
DA:41,0
DA:45,0
DA:46,0
DA:47,0
DA:49,0
DA:50,0
DA:54,1
LF:30
LH:6
BRDA:3,0,0,0
BRDA:3,0,1,1
BRDA:9,1,0,0
BRDA:9,1,1,1
BRDA:26,2,0,0
BRDA:26,2,1,0
BRDA:32,3,0,0
BRDA:32,3,1,0
BRDA:36,4,0,0
BRDA:36,4,1,0
BRDA:45,5,0,0
BRDA:45,5,1,0
BRF:12
BRH:2
end_of_record
