TN:
SF:script.js
FN:4,calculateTotal
FN:6,(anonymous_1)
FN:12,calculateBudget
FN:38,(anonymous_3)
FN:47,addItem
FN:52,deleteItem
FN:53,(anonymous_6)
FNF:7
FNH:7
FNDA:31,calculateTotal
FNDA:29,(anonymous_1)
FNDA:11,calculateBudget
FNDA:6,(anonymous_3)
FNDA:8,addItem
FNDA:1,deleteItem
FNDA:1,(anonymous_6)
DA:5,31
DA:6,31
DA:7,29
DA:9,31
DA:13,11
DA:14,11
DA:15,11
DA:16,11
DA:18,10
DA:20,1
DA:25,2
DA:38,2
DA:39,6
DA:48,8
DA:49,8
DA:50,8
DA:53,1
DA:54,1
DA:57,1
DA:58,1
DA:59,1
DA:60,1
DA:61,1
DA:64,2
LF:24
LH:24
BRDA:16,0,0,10
BRDA:16,0,1,1
BRDA:48,1,0,2
BRDA:48,1,1,6
BRDA:58,2,0,1
BRDA:58,2,1,0
BRF:6
BRH:5
end_of_record
TN:
SF:validateInput.js
FN:1,validateInput
FNF:1
FNH:1
FNDA:6,validateInput
DA:2,6
DA:3,1
DA:7,5
DA:10,5
DA:11,1
DA:15,4
DA:16,2
DA:19,2
DA:22,1
LF:9
LH:9
BRDA:2,0,0,1
BRDA:2,0,1,5
BRDA:10,1,0,1
BRDA:10,1,1,4
BRDA:10,2,0,5
BRDA:10,2,1,4
BRDA:15,3,0,2
BRDA:15,3,1,2
BRF:8
BRH:8
end_of_record
